<?xml version="1.0" encoding="UTF-8"?>
<!-- Generated by org.testng.reporters.JUnitReportReporter -->
<testsuite hostname="10503-L-79538" failures="0" tests="1" name="com.TestScripts.Edit_PP_Vp_API_Compare" time="105.047" errors="0" timestamp="2021-05-19T15:29:36 IST" skipped="0">
  <testcase classname="com.TestScripts.Edit_PP_Vp_API_Compare" name="editing_PPValue" time="105.047"/>
  <system-out/>
</testsuite> <!-- com.TestScripts.Edit_PP_Vp_API_Compare -->
