<?xml version="1.0" encoding="UTF-8"?>
<!-- Generated by org.testng.reporters.JUnitReportReporter -->
<testsuite skipped="0" hostname="DESKTOP-R1556TJ" name="com.TestScripts.profile_Details" tests="1" failures="0" timestamp="03 Jul 2019 13:21:24 GMT" time="3.274" errors="0">
  <testcase name="dailySeven" time="3.274" classname="com.TestScripts.profile_Details"/>
</testsuite> <!-- com.TestScripts.profile_Details -->
