<?xml version="1.0" encoding="UTF-8"?>
<!-- Generated by org.testng.reporters.JUnitReportReporter -->
<testsuite skipped="1" hostname="10503-2F-4CE648138B" name="com.TestScripts.Sample" tests="2" failures="0" timestamp="2020-02-25T16:43:33 IST" time="5.283" errors="0">
  <testcase name="dailySeven" time="5.283" classname="com.TestScripts.Sample"/>
  <testcase name="Search_Verify" classname="com.TestScripts.Sample">
    <skipped/>
  </testcase> <!-- Search_Verify -->
</testsuite> <!-- com.TestScripts.Sample -->
