<?xml version="1.0" encoding="UTF-8"?>
<!-- Generated by org.testng.reporters.JUnitReportReporter -->
<testsuite hostname="10503-L-79538" failures="0" tests="1" name="com.TestScripts.Just_join_PP_Api_compare" time="57.304" errors="0" timestamp="2021-05-20T14:44:47 IST" skipped="0">
  <testcase classname="com.TestScripts.Just_join_PP_Api_compare" name="viewpro" time="57.304"/>
  <system-out/>
</testsuite> <!-- com.TestScripts.Just_join_PP_Api_compare -->
