<?xml version="1.0" encoding="UTF-8"?>
<!-- Generated by org.testng.reporters.JUnitReportReporter -->
<testsuite skipped="0" hostname="10503-2F-4CE648138B" name="com.TestScripts.Communication_NEW" tests="2" failures="0" timestamp="2020-02-25T14:28:35 IST" time="108.352" errors="0">
  <testcase name="Inbox_verify" time="81.225" classname="com.TestScripts.Communication_NEW"/>
  <testcase name="communicationDetails" time="27.127" classname="com.TestScripts.Communication_NEW"/>
</testsuite> <!-- com.TestScripts.Communication_NEW -->
