<?xml version="1.0" encoding="UTF-8"?>
<!-- Generated by org.testng.reporters.JUnitReportReporter -->
<testsuite skipped="0" hostname="DESKTOP-DRIN23C" name="testsceipt_PWA.search_pwa" tests="2" failures="1" timestamp="04 Apr 2020 10:12:22 GMT" time="190.616" errors="0">
  <testcase name="testUntitled" time="180.701" classname="testsceipt_PWA.search_pwa"/>
  <testcase name="search_PWA" time="9.915" classname="testsceipt_PWA.search_pwa">
    <failure type="java.lang.AssertionError" message="The following asserts failed:
	Denomination status Value is selected as Church of Christ  for matriid : CHR2486723 expected [true] but found [false],
	Denomination status Value is selected as Assembly of God (AG)  for matriid : CHR2159998 expected [true] but found [false],
	Denomination status Value is selected as Church of God  for matriid : CHR2474906 expected [true] but found [false],
	Denomination status Value is selected as Protestant  for matriid : CHR2341778 expected [true] but found [false],
	Denomination status Value is selected as Syro Malabar  for matriid : CHR2481828 expected [true] but found [false],
	Denomination status Value is selected as Catholic  for matriid : CHR2098765 expected [true] but found [false],
	Denomination status Value is selected as Baptist  for matriid : CHR1660743 expected [true] but found [false],
	Denomination status Value is selected as Marthoma  for matriid : CHR1759232 expected [true] but found [false],
	Denomination status Value is selected as Catholic  for matriid : CHR2029564 expected [true] but found [false],
	Denomination status Value is selected as Pentecostal  for matriid : CHR2329922 expected [true] but found [false],
	Denomination status Value is selected as Church of South India (CSI)  for matriid : CHR2430847 expected [true] but found [false],
	Denomination status Value is selected as Born Again  for matriid : CHR2493830 expected [true] but found [false],
	Denomination status Value is selected as Syro Malabar  for matriid : CHR2496679 expected [true] but found [false],
	Denomination status Value is selected as Catholic  for matriid : CHR801316 expected [true] but found [false],
	Denomination status Value is selected as Church of South India (CSI)  for matriid : CHR2200253 expected [true] but found [false],
	Denomination status Value is selected as Catholic  for matriid : CHR2493191 expected [true] but found [false],
	marital status Value is selected as Divorcedfor matriid : CHR2466637 expected [true] but found [false],
	Denomination status Value is selected as Church of South India (CSI)  for matriid : CHR2466637 expected [true] but found [false],
	Denomination status Value is selected as Syrian Catholic  for matriid : CHR2472959 expected [true] but found [false],
	Denomination status Value is selected as Catholic  for matriid : CHR1852932 expected [true] but found [false],
	Denomination status Value is selected as Church of South India (CSI)  for matriid : CHR2232775 expected [true] but found [false]">
      <![CDATA[java.lang.AssertionError: The following asserts failed:
Denomination status Value is selected as Church of Christ  for matriid : CHR2486723 expected [true] but found [false],
Denomination status Value is selected as Assembly of God (AG)  for matriid : CHR2159998 expected [true] but found [false],
Denomination status Value is selected as Church of God  for matriid : CHR2474906 expected [true] but found [false],
Denomination status Value is selected as Protestant  for matriid : CHR2341778 expected [true] but found [false],
Denomination status Value is selected as Syro Malabar  for matriid : CHR2481828 expected [true] but found [false],
Denomination status Value is selected as Catholic  for matriid : CHR2098765 expected [true] but found [false],
Denomination status Value is selected as Baptist  for matriid : CHR1660743 expected [true] but found [false],
Denomination status Value is selected as Marthoma  for matriid : CHR1759232 expected [true] but found [false],
Denomination status Value is selected as Catholic  for matriid : CHR2029564 expected [true] but found [false],
Denomination status Value is selected as Pentecostal  for matriid : CHR2329922 expected [true] but found [false],
Denomination status Value is selected as Church of South India (CSI)  for matriid : CHR2430847 expected [true] but found [false],
Denomination status Value is selected as Born Again  for matriid : CHR2493830 expected [true] but found [false],
Denomination status Value is selected as Syro Malabar  for matriid : CHR2496679 expected [true] but found [false],
Denomination status Value is selected as Catholic  for matriid : CHR801316 expected [true] but found [false],
Denomination status Value is selected as Church of South India (CSI)  for matriid : CHR2200253 expected [true] but found [false],
Denomination status Value is selected as Catholic  for matriid : CHR2493191 expected [true] but found [false],
marital status Value is selected as Divorcedfor matriid : CHR2466637 expected [true] but found [false],
Denomination status Value is selected as Church of South India (CSI)  for matriid : CHR2466637 expected [true] but found [false],
Denomination status Value is selected as Syrian Catholic  for matriid : CHR2472959 expected [true] but found [false],
Denomination status Value is selected as Catholic  for matriid : CHR1852932 expected [true] but found [false],
Denomination status Value is selected as Church of South India (CSI)  for matriid : CHR2232775 expected [true] but found [false]
at org.testng.asserts.SoftAssert.assertAll(SoftAssert.java:43)
at testsceipt_PWA.search_pwa.search_PWA(search_pwa.java:333)
at sun.reflect.NativeMethodAccessorImpl.invoke0(Native Method)
at sun.reflect.NativeMethodAccessorImpl.invoke(Unknown Source)
at sun.reflect.DelegatingMethodAccessorImpl.invoke(Unknown Source)
at java.lang.reflect.Method.invoke(Unknown Source)
at org.testng.internal.MethodInvocationHelper.invokeMethod(MethodInvocationHelper.java:124)
at org.testng.internal.Invoker.invokeMethod(Invoker.java:580)
at org.testng.internal.Invoker.invokeTestMethod(Invoker.java:716)
at org.testng.internal.Invoker.invokeTestMethods(Invoker.java:988)
at org.testng.internal.TestMethodWorker.invokeTestMethods(TestMethodWorker.java:125)
at org.testng.internal.TestMethodWorker.run(TestMethodWorker.java:109)
at org.testng.TestRunner.privateRun(TestRunner.java:648)
at org.testng.TestRunner.run(TestRunner.java:505)
at org.testng.SuiteRunner.runTest(SuiteRunner.java:455)
at org.testng.SuiteRunner.runSequentially(SuiteRunner.java:450)
at org.testng.SuiteRunner.privateRun(SuiteRunner.java:415)
at org.testng.SuiteRunner.run(SuiteRunner.java:364)
at org.testng.SuiteRunnerWorker.runSuite(SuiteRunnerWorker.java:52)
at org.testng.SuiteRunnerWorker.run(SuiteRunnerWorker.java:84)
at org.testng.TestNG.runSuitesSequentially(TestNG.java:1208)
at org.testng.TestNG.runSuitesLocally(TestNG.java:1137)
at org.testng.TestNG.runSuites(TestNG.java:1049)
at org.testng.TestNG.run(TestNG.java:1017)
at org.testng.remote.AbstractRemoteTestNG.run(AbstractRemoteTestNG.java:114)
at org.testng.remote.RemoteTestNG.initAndRun(RemoteTestNG.java:251)
at org.testng.remote.RemoteTestNG.main(RemoteTestNG.java:77)
]]>
    </failure>
  </testcase> <!-- search_PWA -->
</testsuite> <!-- testsceipt_PWA.search_pwa -->
