<?xml version="1.0" encoding="UTF-8"?>
<!-- Generated by org.testng.reporters.JUnitReportReporter -->
<testsuite hostname="10503-L-79538" failures="0" tests="2" name="com.TestScripts.Daily7Test" time="62.342" errors="0" timestamp="2021-05-20T15:16:43 IST" skipped="0">
  <testcase classname="com.TestScripts.Daily7Test" name="Inbox_verify" time="60.125"/>
  <system-out/>
  <testcase classname="com.TestScripts.Daily7Test" name="dailySeven" time="2.217"/>
  <system-out/>
</testsuite> <!-- com.TestScripts.Daily7Test -->
