<?xml version="1.0" encoding="UTF-8"?>
<!-- Generated by org.testng.reporters.JUnitReportReporter -->
<testsuite hostname="10503-L-79538" failures="0" tests="2" name="com.TestScripts.Snippet" time="35.142" errors="0" timestamp="2021-05-20T19:30:37 IST" skipped="0">
  <testcase classname="com.TestScripts.Snippet" name="Inbox_verify" time="32.378"/>
  <system-out/>
  <testcase classname="com.TestScripts.Snippet" name="dailySeven" time="2.764"/>
  <system-out/>
</testsuite> <!-- com.TestScripts.Snippet -->
