<?xml version="1.0" encoding="UTF-8"?>
<!-- Generated by org.testng.reporters.JUnitReportReporter -->
<testsuite hostname="10503-L-79538" failures="0" tests="2" name="com.TestScripts.thanika_test" time="58.853" errors="0" timestamp="2021-05-20T14:30:48 IST" skipped="0">
  <testcase classname="com.TestScripts.thanika_test" name="view_verify" time="55.670"/>
  <system-out/>
  <testcase classname="com.TestScripts.thanika_test" name="communicationDetails" time="3.183"/>
  <system-out/>
</testsuite> <!-- com.TestScripts.thanika_test -->
